{"/Users/hikaru/Desktop/projects/vue-sfc/packages/mini-compiler/src/index.ts": {"path":"/Users/hikaru/Desktop/projects/vue-sfc/packages/mini-compiler/src/index.ts","all":false,"statementMap":{"0":{"start":{"line":1,"column":0},"end":{"line":1,"column":31}},"8":{"start":{"line":9,"column":0},"end":{"line":9,"column":64}},"10":{"start":{"line":11,"column":0},"end":{"line":11,"column":34}},"13":{"start":{"line":14,"column":0},"end":{"line":14,"column":46}},"16":{"start":{"line":17,"column":0},"end":{"line":17,"column":50}},"19":{"start":{"line":20,"column":0},"end":{"line":20,"column":48}},"22":{"start":{"line":23,"column":0},"end":{"line":23,"column":10}},"23":{"start":{"line":24,"column":0},"end":{"line":24,"column":15}},"25":{"start":{"line":26,"column":0},"end":{"line":26,"column":61}},"28":{"start":{"line":29,"column":0},"end":{"line":29,"column":37}},"32":{"start":{"line":33,"column":0},"end":{"line":33,"column":37}},"37":{"start":{"line":38,"column":0},"end":{"line":38,"column":1}}},"s":{"0":1,"8":1,"10":1,"13":1,"16":1,"19":1,"22":1,"23":1,"25":1,"28":1,"32":1,"37":1},"branchMap":{"0":{"type":"branch","line":9,"loc":{"start":{"line":9,"column":7},"end":{"line":38,"column":1}},"locations":[{"start":{"line":9,"column":7},"end":{"line":38,"column":1}}]}},"b":{"0":[1]},"fnMap":{"0":{"name":"compileSFC","decl":{"start":{"line":9,"column":7},"end":{"line":38,"column":1}},"loc":{"start":{"line":9,"column":7},"end":{"line":38,"column":1}},"line":9}},"f":{"0":1}}
,"/Users/hikaru/Desktop/projects/vue-sfc/packages/mini-compiler/src/parse.ts": {"path":"/Users/hikaru/Desktop/projects/vue-sfc/packages/mini-compiler/src/parse.ts","all":false,"statementMap":{"16":{"start":{"line":17,"column":0},"end":{"line":17,"column":54}},"17":{"start":{"line":18,"column":0},"end":{"line":18,"column":37}},"18":{"start":{"line":19,"column":0},"end":{"line":19,"column":19}},"19":{"start":{"line":20,"column":0},"end":{"line":20,"column":17}},"20":{"start":{"line":21,"column":0},"end":{"line":21,"column":22}},"21":{"start":{"line":22,"column":0},"end":{"line":22,"column":15}},"22":{"start":{"line":23,"column":0},"end":{"line":23,"column":3}},"25":{"start":{"line":26,"column":0},"end":{"line":26,"column":72}},"26":{"start":{"line":27,"column":0},"end":{"line":27,"column":35}},"29":{"start":{"line":30,"column":0},"end":{"line":30,"column":54}},"30":{"start":{"line":31,"column":0},"end":{"line":31,"column":25}},"31":{"start":{"line":32,"column":0},"end":{"line":32,"column":29}},"32":{"start":{"line":33,"column":0},"end":{"line":33,"column":28}},"34":{"start":{"line":35,"column":0},"end":{"line":35,"column":44}},"35":{"start":{"line":36,"column":0},"end":{"line":36,"column":62}},"36":{"start":{"line":37,"column":0},"end":{"line":37,"column":41}},"38":{"start":{"line":39,"column":0},"end":{"line":39,"column":61}},"39":{"start":{"line":40,"column":0},"end":{"line":40,"column":66}},"40":{"start":{"line":41,"column":0},"end":{"line":41,"column":5}},"42":{"start":{"line":43,"column":0},"end":{"line":43,"column":52}},"44":{"start":{"line":45,"column":0},"end":{"line":45,"column":30}},"45":{"start":{"line":46,"column":0},"end":{"line":46,"column":33}},"46":{"start":{"line":47,"column":0},"end":{"line":47,"column":5}},"47":{"start":{"line":48,"column":0},"end":{"line":48,"column":33}},"48":{"start":{"line":49,"column":0},"end":{"line":49,"column":24}},"49":{"start":{"line":50,"column":0},"end":{"line":50,"column":38}},"50":{"start":{"line":51,"column":0},"end":{"line":51,"column":7}},"51":{"start":{"line":52,"column":0},"end":{"line":52,"column":12}},"52":{"start":{"line":53,"column":0},"end":{"line":53,"column":33}},"53":{"start":{"line":54,"column":0},"end":{"line":54,"column":7}},"54":{"start":{"line":55,"column":0},"end":{"line":55,"column":5}},"55":{"start":{"line":56,"column":0},"end":{"line":56,"column":32}},"56":{"start":{"line":57,"column":0},"end":{"line":57,"column":35}},"57":{"start":{"line":58,"column":0},"end":{"line":58,"column":5}},"58":{"start":{"line":59,"column":0},"end":{"line":59,"column":3}},"60":{"start":{"line":61,"column":0},"end":{"line":61,"column":19}},"61":{"start":{"line":62,"column":0},"end":{"line":62,"column":1}}},"s":{"16":1,"17":15,"18":15,"19":15,"20":15,"21":15,"22":15,"25":15,"26":15,"29":15,"30":19,"31":19,"32":19,"34":19,"35":19,"36":19,"38":19,"39":10,"40":10,"42":19,"44":19,"45":6,"46":6,"47":13,"48":7,"49":3,"50":3,"51":4,"52":4,"53":4,"54":7,"55":6,"56":6,"57":6,"58":19,"60":15,"61":15},"branchMap":{"0":{"type":"branch","line":17,"loc":{"start":{"line":17,"column":7},"end":{"line":62,"column":1}},"locations":[{"start":{"line":17,"column":7},"end":{"line":62,"column":1}}]},"1":{"type":"branch","line":30,"loc":{"start":{"line":30,"column":53},"end":{"line":59,"column":3}},"locations":[{"start":{"line":30,"column":53},"end":{"line":59,"column":3}}]},"2":{"type":"branch","line":39,"loc":{"start":{"line":39,"column":60},"end":{"line":41,"column":5}},"locations":[{"start":{"line":39,"column":60},"end":{"line":41,"column":5}}]},"3":{"type":"branch","line":40,"loc":{"start":{"line":40,"column":39},"end":{"line":40,"column":60}},"locations":[{"start":{"line":40,"column":39},"end":{"line":40,"column":60}}]},"4":{"type":"branch","line":40,"loc":{"start":{"line":40,"column":55},"end":{"line":40,"column":66}},"locations":[{"start":{"line":40,"column":55},"end":{"line":40,"column":66}}]},"5":{"type":"branch","line":45,"loc":{"start":{"line":45,"column":29},"end":{"line":58,"column":5}},"locations":[{"start":{"line":45,"column":29},"end":{"line":58,"column":5}}]},"6":{"type":"branch","line":45,"loc":{"start":{"line":45,"column":29},"end":{"line":47,"column":5}},"locations":[{"start":{"line":45,"column":29},"end":{"line":47,"column":5}}]},"7":{"type":"branch","line":47,"loc":{"start":{"line":47,"column":4},"end":{"line":58,"column":5}},"locations":[{"start":{"line":47,"column":4},"end":{"line":58,"column":5}}]},"8":{"type":"branch","line":48,"loc":{"start":{"line":48,"column":32},"end":{"line":55,"column":5}},"locations":[{"start":{"line":48,"column":32},"end":{"line":55,"column":5}}]},"9":{"type":"branch","line":49,"loc":{"start":{"line":49,"column":23},"end":{"line":54,"column":7}},"locations":[{"start":{"line":49,"column":23},"end":{"line":54,"column":7}}]},"10":{"type":"branch","line":49,"loc":{"start":{"line":49,"column":23},"end":{"line":51,"column":7}},"locations":[{"start":{"line":49,"column":23},"end":{"line":51,"column":7}}]},"11":{"type":"branch","line":55,"loc":{"start":{"line":55,"column":4},"end":{"line":58,"column":5}},"locations":[{"start":{"line":55,"column":4},"end":{"line":58,"column":5}}]}},"b":{"0":[15],"1":[19],"2":[10],"3":[7],"4":[7],"5":[18],"6":[6],"7":[13],"8":[7],"9":[4],"10":[3],"11":[6]},"fnMap":{"0":{"name":"parse","decl":{"start":{"line":17,"column":7},"end":{"line":62,"column":1}},"loc":{"start":{"line":17,"column":7},"end":{"line":62,"column":1}},"line":17}},"f":{"0":15}}
,"/Users/hikaru/Desktop/projects/vue-sfc/packages/mini-compiler/src/script.ts": {"path":"/Users/hikaru/Desktop/projects/vue-sfc/packages/mini-compiler/src/script.ts","all":false,"statementMap":{"2":{"start":{"line":3,"column":0},"end":{"line":3,"column":66}},"3":{"start":{"line":4,"column":0},"end":{"line":4,"column":44}},"5":{"start":{"line":6,"column":0},"end":{"line":6,"column":21}},"6":{"start":{"line":7,"column":0},"end":{"line":7,"column":78}},"7":{"start":{"line":8,"column":0},"end":{"line":8,"column":3}},"11":{"start":{"line":12,"column":0},"end":{"line":12,"column":10}},"16":{"start":{"line":17,"column":0},"end":{"line":17,"column":22}},"23":{"start":{"line":24,"column":0},"end":{"line":24,"column":1}}},"s":{"2":1,"3":4,"5":4,"6":3,"7":3,"11":1,"16":1,"23":1},"branchMap":{"0":{"type":"branch","line":3,"loc":{"start":{"line":3,"column":7},"end":{"line":24,"column":1}},"locations":[{"start":{"line":3,"column":7},"end":{"line":24,"column":1}}]},"1":{"type":"branch","line":6,"loc":{"start":{"line":6,"column":20},"end":{"line":8,"column":3}},"locations":[{"start":{"line":6,"column":20},"end":{"line":8,"column":3}}]},"2":{"type":"branch","line":7,"loc":{"start":{"line":7,"column":22},"end":{"line":7,"column":59}},"locations":[{"start":{"line":7,"column":22},"end":{"line":7,"column":59}}]},"3":{"type":"branch","line":7,"loc":{"start":{"line":7,"column":49},"end":{"line":7,"column":78}},"locations":[{"start":{"line":7,"column":49},"end":{"line":7,"column":78}}]},"4":{"type":"branch","line":8,"loc":{"start":{"line":8,"column":2},"end":{"line":24,"column":1}},"locations":[{"start":{"line":8,"column":2},"end":{"line":24,"column":1}}]}},"b":{"0":[4],"1":[3],"2":[2],"3":[1],"4":[1]},"fnMap":{"0":{"name":"compileScript","decl":{"start":{"line":3,"column":7},"end":{"line":24,"column":1}},"loc":{"start":{"line":3,"column":7},"end":{"line":24,"column":1}},"line":3}},"f":{"0":4}}
,"/Users/hikaru/Desktop/projects/vue-sfc/packages/mini-compiler/src/style.ts": {"path":"/Users/hikaru/Desktop/projects/vue-sfc/packages/mini-compiler/src/style.ts","all":false,"statementMap":{"2":{"start":{"line":3,"column":0},"end":{"line":3,"column":77}},"3":{"start":{"line":4,"column":0},"end":{"line":4,"column":34}},"5":{"start":{"line":6,"column":0},"end":{"line":6,"column":28}},"6":{"start":{"line":7,"column":0},"end":{"line":7,"column":13}},"7":{"start":{"line":8,"column":0},"end":{"line":8,"column":3}},"10":{"start":{"line":11,"column":0},"end":{"line":11,"column":14}},"12":{"start":{"line":13,"column":0},"end":{"line":13,"column":31}},"13":{"start":{"line":14,"column":0},"end":{"line":14,"column":31}},"14":{"start":{"line":15,"column":0},"end":{"line":15,"column":44}},"16":{"start":{"line":17,"column":0},"end":{"line":17,"column":19}},"19":{"start":{"line":20,"column":0},"end":{"line":20,"column":32}},"20":{"start":{"line":21,"column":0},"end":{"line":21,"column":45}},"21":{"start":{"line":22,"column":0},"end":{"line":22,"column":36}},"22":{"start":{"line":23,"column":0},"end":{"line":23,"column":56}},"23":{"start":{"line":24,"column":0},"end":{"line":24,"column":8}},"24":{"start":{"line":25,"column":0},"end":{"line":25,"column":5}},"25":{"start":{"line":26,"column":0},"end":{"line":26,"column":26}},"26":{"start":{"line":27,"column":0},"end":{"line":27,"column":3}},"28":{"start":{"line":29,"column":0},"end":{"line":29,"column":12}},"29":{"start":{"line":30,"column":0},"end":{"line":30,"column":1}}},"s":{"2":1,"3":4,"5":4,"6":1,"7":1,"10":3,"12":3,"13":3,"14":3,"16":3,"19":2,"20":2,"21":2,"22":2,"23":2,"24":2,"25":3,"26":3,"28":3,"29":3},"branchMap":{"0":{"type":"branch","line":3,"loc":{"start":{"line":3,"column":7},"end":{"line":30,"column":1}},"locations":[{"start":{"line":3,"column":7},"end":{"line":30,"column":1}}]},"1":{"type":"branch","line":6,"loc":{"start":{"line":6,"column":27},"end":{"line":8,"column":3}},"locations":[{"start":{"line":6,"column":27},"end":{"line":8,"column":3}}]},"2":{"type":"branch","line":8,"loc":{"start":{"line":8,"column":2},"end":{"line":30,"column":1}},"locations":[{"start":{"line":8,"column":2},"end":{"line":30,"column":1}}]},"3":{"type":"branch","line":17,"loc":{"start":{"line":17,"column":18},"end":{"line":25,"column":5}},"locations":[{"start":{"line":17,"column":18},"end":{"line":25,"column":5}}]},"4":{"type":"branch","line":22,"loc":{"start":{"line":22,"column":8},"end":{"line":24,"column":7}},"locations":[{"start":{"line":22,"column":8},"end":{"line":24,"column":7}}]}},"b":{"0":[4],"1":[1],"2":[3],"3":[2],"4":[2]},"fnMap":{"0":{"name":"compileStyle","decl":{"start":{"line":3,"column":7},"end":{"line":30,"column":1}},"loc":{"start":{"line":3,"column":7},"end":{"line":30,"column":1}},"line":3}},"f":{"0":4}}
,"/Users/hikaru/Desktop/projects/vue-sfc/packages/mini-compiler/src/template.ts": {"path":"/Users/hikaru/Desktop/projects/vue-sfc/packages/mini-compiler/src/template.ts","all":false,"statementMap":{"2":{"start":{"line":3,"column":0},"end":{"line":3,"column":68}},"3":{"start":{"line":4,"column":0},"end":{"line":4,"column":38}},"5":{"start":{"line":6,"column":0},"end":{"line":6,"column":18}},"6":{"start":{"line":7,"column":0},"end":{"line":7,"column":36}},"7":{"start":{"line":8,"column":0},"end":{"line":8,"column":3}},"13":{"start":{"line":14,"column":0},"end":{"line":14,"column":84}},"15":{"start":{"line":16,"column":0},"end":{"line":16,"column":10}},"19":{"start":{"line":20,"column":0},"end":{"line":20,"column":46}},"22":{"start":{"line":23,"column":0},"end":{"line":23,"column":1}}},"s":{"2":1,"3":3,"5":3,"6":1,"7":1,"13":2,"15":2,"19":2,"22":2},"branchMap":{"0":{"type":"branch","line":3,"loc":{"start":{"line":3,"column":7},"end":{"line":23,"column":1}},"locations":[{"start":{"line":3,"column":7},"end":{"line":23,"column":1}}]},"1":{"type":"branch","line":6,"loc":{"start":{"line":6,"column":17},"end":{"line":23,"column":1}},"locations":[{"start":{"line":6,"column":17},"end":{"line":23,"column":1}}]},"2":{"type":"branch","line":6,"loc":{"start":{"line":6,"column":17},"end":{"line":8,"column":3}},"locations":[{"start":{"line":6,"column":17},"end":{"line":8,"column":3}}]}},"b":{"0":[3],"1":[2],"2":[1]},"fnMap":{"0":{"name":"compileTemplate","decl":{"start":{"line":3,"column":7},"end":{"line":23,"column":1}},"loc":{"start":{"line":3,"column":7},"end":{"line":23,"column":1}},"line":3}},"f":{"0":3}}
}
